<?xml version="1.0" encoding="UTF-8"?>
<testng-results ignored="0" total="1" passed="1" failed="0" skipped="0">
  <reporter-output>
  </reporter-output>
  <suite started-at="2022-12-15T05:58:33 GMT" name="Default suite" finished-at="2022-12-15T05:58:45 GMT" duration-ms="12127">
    <groups>
      <group name="cucumber">
        <method signature="AbstractTestNGCucumberTests.runScenario(io.cucumber.testng.PickleWrapper,io.cucumber.testng.FeatureWrapper)[pri:0, instance:runners.googleSearchRunner@76b1e9b8]" name="runScenario" class="io.cucumber.testng.AbstractTestNGCucumberTests"/>
      </group> <!-- cucumber -->
    </groups>
    <test started-at="2022-12-15T05:58:33 GMT" name="Default test" finished-at="2022-12-15T05:58:45 GMT" duration-ms="12127">
      <class name="runners.googleSearchRunner">
        <test-method is-config="true" signature="setUpClass(org.testng.ITestContext)[pri:0, instance:runners.googleSearchRunner@76b1e9b8]" started-at="2022-12-15T05:58:33 GMT" name="setUpClass" finished-at="2022-12-15T05:58:33 GMT" duration-ms="359" status="PASS">
          <params>
            <param index="0">
              <value>
                <![CDATA[org.testng.TestRunner@5115f590]]>
              </value>
            </param>
          </params>
          <reporter-output>
          </reporter-output>
        </test-method> <!-- setUpClass -->
        <test-method signature="runScenario(io.cucumber.testng.PickleWrapper,io.cucumber.testng.FeatureWrapper)[pri:0, instance:runners.googleSearchRunner@76b1e9b8]" started-at="2022-12-15T05:58:33 GMT" name="runScenario" description="Runs Cucumber Scenarios" data-provider="scenarios" finished-at="2022-12-15T05:58:45 GMT" duration-ms="11682" status="PASS">
          <params>
            <param index="0">
              <value>
                <![CDATA["Place Order"]]>
              </value>
            </param>
            <param index="1">
              <value>
                <![CDATA["Search Item"]]>
              </value>
            </param>
          </params>
          <reporter-output>
          </reporter-output>
        </test-method> <!-- runScenario -->
        <test-method is-config="true" signature="tearDownClass()[pri:0, instance:runners.googleSearchRunner@76b1e9b8]" started-at="2022-12-15T05:58:45 GMT" name="tearDownClass" finished-at="2022-12-15T05:58:45 GMT" duration-ms="13" status="PASS">
          <reporter-output>
          </reporter-output>
        </test-method> <!-- tearDownClass -->
      </class> <!-- runners.googleSearchRunner -->
    </test> <!-- Default test -->
  </suite> <!-- Default suite -->
</testng-results>
